<?xml version="1.0" encoding="UTF-8"?>
<coverage generated="1765835068173" clover="3.2.0">
  <project timestamp="1765835068173" name="All files">
    <metrics statements="21" coveredstatements="21" conditionals="4" coveredconditionals="4" methods="8" coveredmethods="8" elements="33" coveredelements="33" complexity="0" loc="21" ncloc="21" packages="1" files="4" classes="4"/>
    <file name="clearError.ts" path="/Users/xianqiu/Projects/applicant-form-builder-ts/src/utils/clearError.ts">
      <metrics statements="2" coveredstatements="2" conditionals="0" coveredconditionals="0" methods="1" coveredmethods="1"/>
      <line num="1" count="1" type="stmt"/>
      <line num="2" count="2" type="stmt"/>
    </file>
    <file name="handleAddApplicant.ts" path="/Users/xianqiu/Projects/applicant-form-builder-ts/src/utils/handleAddApplicant.ts">
      <metrics statements="15" coveredstatements="15" conditionals="4" coveredconditionals="4" methods="3" coveredmethods="3"/>
      <line num="3" count="1" type="stmt"/>
      <line num="10" count="7" type="stmt"/>
      <line num="13" count="7" type="stmt"/>
      <line num="14" count="9" type="stmt"/>
      <line num="17" count="7" type="cond" truecount="2" falsecount="0"/>
      <line num="18" count="2" type="stmt"/>
      <line num="19" count="2" type="stmt"/>
      <line num="23" count="5" type="stmt"/>
      <line num="24" count="5" type="stmt"/>
      <line num="25" count="6" type="stmt"/>
      <line num="28" count="5" type="cond" truecount="2" falsecount="0"/>
      <line num="29" count="2" type="stmt"/>
      <line num="30" count="2" type="stmt"/>
      <line num="35" count="3" type="stmt"/>
      <line num="40" count="3" type="stmt"/>
    </file>
    <file name="handleRemoveApplicant.ts" path="/Users/xianqiu/Projects/applicant-form-builder-ts/src/utils/handleRemoveApplicant.ts">
      <metrics statements="2" coveredstatements="2" conditionals="0" coveredconditionals="0" methods="2" coveredmethods="2"/>
      <line num="3" count="1" type="stmt"/>
      <line num="8" count="16" type="stmt"/>
    </file>
    <file name="handleSetPrimary.ts" path="/Users/xianqiu/Projects/applicant-form-builder-ts/src/utils/handleSetPrimary.ts">
      <metrics statements="2" coveredstatements="2" conditionals="0" coveredconditionals="0" methods="2" coveredmethods="2"/>
      <line num="3" count="1" type="stmt"/>
      <line num="8" count="22" type="stmt"/>
    </file>
  </project>
</coverage>
