{"/Users/xianqiu/Projects/applicant-form-builder-ts/src/utils/clearError.ts": {"path":"/Users/xianqiu/Projects/applicant-form-builder-ts/src/utils/clearError.ts","statementMap":{"0":{"start":{"line":1,"column":26},"end":{"line":3,"column":1}},"1":{"start":{"line":2,"column":2},"end":{"line":2,"column":22}},"2":{"start":{"line":1,"column":13},"end":{"line":1,"column":26}}},"fnMap":{"0":{"name":"(anonymous_0)","decl":{"start":{"line":1,"column":26},"end":{"line":1,"column":27}},"loc":{"start":{"line":1,"column":73},"end":{"line":3,"column":1}}}},"branchMap":{},"s":{"0":1,"1":2,"2":1},"f":{"0":2},"b":{}}
,"/Users/xianqiu/Projects/applicant-form-builder-ts/src/utils/handleAddApplicant.ts": {"path":"/Users/xianqiu/Projects/applicant-form-builder-ts/src/utils/handleAddApplicant.ts","statementMap":{"0":{"start":{"line":3,"column":34},"end":{"line":41,"column":1}},"1":{"start":{"line":10,"column":2},"end":{"line":10,"column":22}},"2":{"start":{"line":13,"column":22},"end":{"line":14,"column":null}},"3":{"start":{"line":14,"column":4},"end":{"line":14,"column":66}},"4":{"start":{"line":17,"column":2},"end":{"line":20,"column":3}},"5":{"start":{"line":18,"column":4},"end":{"line":18,"column":68}},"6":{"start":{"line":19,"column":4},"end":{"line":19,"column":11}},"7":{"start":{"line":23,"column":27},"end":{"line":23,"column":62}},"8":{"start":{"line":24,"column":23},"end":{"line":25,"column":null}},"9":{"start":{"line":25,"column":4},"end":{"line":25,"column":59}},"10":{"start":{"line":28,"column":2},"end":{"line":31,"column":3}},"11":{"start":{"line":29,"column":4},"end":{"line":29,"column":76}},"12":{"start":{"line":30,"column":4},"end":{"line":30,"column":11}},"13":{"start":{"line":35,"column":20},"end":{"line":38,"column":null}},"14":{"start":{"line":40,"column":2},"end":{"line":40,"column":47}},"15":{"start":{"line":3,"column":13},"end":{"line":3,"column":34}}},"fnMap":{"0":{"name":"(anonymous_0)","decl":{"start":{"line":3,"column":34},"end":{"line":3,"column":null}},"loc":{"start":{"line":8,"column":4},"end":{"line":41,"column":1}}},"1":{"name":"(anonymous_1)","decl":{"start":{"line":13,"column":38},"end":{"line":13,"column":46}},"loc":{"start":{"line":14,"column":4},"end":{"line":14,"column":66}}},"2":{"name":"(anonymous_2)","decl":{"start":{"line":24,"column":39},"end":{"line":24,"column":47}},"loc":{"start":{"line":25,"column":4},"end":{"line":25,"column":59}}}},"branchMap":{"0":{"loc":{"start":{"line":17,"column":2},"end":{"line":20,"column":3}},"type":"if","locations":[{"start":{"line":17,"column":2},"end":{"line":20,"column":3}},{"start":{},"end":{}}]},"1":{"loc":{"start":{"line":28,"column":2},"end":{"line":31,"column":3}},"type":"if","locations":[{"start":{"line":28,"column":2},"end":{"line":31,"column":3}},{"start":{},"end":{}}]}},"s":{"0":1,"1":7,"2":7,"3":9,"4":7,"5":2,"6":2,"7":5,"8":5,"9":6,"10":5,"11":2,"12":2,"13":3,"14":3,"15":1},"f":{"0":7,"1":9,"2":6},"b":{"0":[2,5],"1":[2,3]}}
,"/Users/xianqiu/Projects/applicant-form-builder-ts/src/utils/handleRemoveApplicant.ts": {"path":"/Users/xianqiu/Projects/applicant-form-builder-ts/src/utils/handleRemoveApplicant.ts","statementMap":{"0":{"start":{"line":3,"column":37},"end":{"line":9,"column":1}},"1":{"start":{"line":8,"column":2},"end":{"line":8,"column":69}},"2":{"start":{"line":8,"column":47},"end":{"line":8,"column":66}},"3":{"start":{"line":3,"column":13},"end":{"line":3,"column":37}}},"fnMap":{"0":{"name":"(anonymous_0)","decl":{"start":{"line":3,"column":37},"end":{"line":3,"column":null}},"loc":{"start":{"line":7,"column":4},"end":{"line":9,"column":1}}},"1":{"name":"(anonymous_1)","decl":{"start":{"line":8,"column":34},"end":{"line":8,"column":43}},"loc":{"start":{"line":8,"column":47},"end":{"line":8,"column":66}}}},"branchMap":{},"s":{"0":1,"1":6,"2":16,"3":1},"f":{"0":6,"1":16},"b":{}}
,"/Users/xianqiu/Projects/applicant-form-builder-ts/src/utils/handleSetPrimary.ts": {"path":"/Users/xianqiu/Projects/applicant-form-builder-ts/src/utils/handleSetPrimary.ts","statementMap":{"0":{"start":{"line":3,"column":32},"end":{"line":12,"column":1}},"1":{"start":{"line":8,"column":2},"end":{"line":11,"column":7}},"2":{"start":{"line":8,"column":44},"end":{"line":10,"column":null}},"3":{"start":{"line":3,"column":13},"end":{"line":3,"column":32}}},"fnMap":{"0":{"name":"(anonymous_0)","decl":{"start":{"line":3,"column":32},"end":{"line":3,"column":null}},"loc":{"start":{"line":7,"column":4},"end":{"line":12,"column":1}}},"1":{"name":"(anonymous_1)","decl":{"start":{"line":8,"column":31},"end":{"line":8,"column":40}},"loc":{"start":{"line":8,"column":44},"end":{"line":10,"column":null}}}},"branchMap":{},"s":{"0":1,"1":8,"2":22,"3":1},"f":{"0":8,"1":22},"b":{}}
}
