TN:
SF:src/utils/clearError.ts
FN:1,(anonymous_0)
FNF:1
FNH:1
FNDA:2,(anonymous_0)
DA:1,1
DA:2,2
LF:2
LH:2
BRF:0
BRH:0
end_of_record
TN:
SF:src/utils/handleAddApplicant.ts
FN:3,(anonymous_0)
FN:13,(anonymous_1)
FN:24,(anonymous_2)
FNF:3
FNH:3
FNDA:7,(anonymous_0)
FNDA:9,(anonymous_1)
FNDA:6,(anonymous_2)
DA:3,1
DA:10,7
DA:13,7
DA:14,9
DA:17,7
DA:18,2
DA:19,2
DA:23,5
DA:24,5
DA:25,6
DA:28,5
DA:29,2
DA:30,2
DA:35,3
DA:40,3
LF:15
LH:15
BRDA:17,0,0,2
BRDA:17,0,1,5
BRDA:28,1,0,2
BRDA:28,1,1,3
BRF:4
BRH:4
end_of_record
TN:
SF:src/utils/handleRemoveApplicant.ts
FN:3,(anonymous_0)
FN:8,(anonymous_1)
FNF:2
FNH:2
FNDA:6,(anonymous_0)
FNDA:16,(anonymous_1)
DA:3,1
DA:8,16
LF:2
LH:2
BRF:0
BRH:0
end_of_record
TN:
SF:src/utils/handleSetPrimary.ts
FN:3,(anonymous_0)
FN:8,(anonymous_1)
FNF:2
FNH:2
FNDA:8,(anonymous_0)
FNDA:22,(anonymous_1)
DA:3,1
DA:8,22
LF:2
LH:2
BRF:0
BRH:0
end_of_record
